<?xml version="1.0" encoding="UTF-8"?>
<testng-results skipped="0" failed="0" total="1" passed="1">
  <reporter-output>
  </reporter-output>
  <suite name="Default suite" duration-ms="13554" started-at="2020-03-07T09:17:30Z" finished-at="2020-03-07T09:17:43Z">
    <groups>
    </groups>
    <test name="Default test" duration-ms="13554" started-at="2020-03-07T09:17:30Z" finished-at="2020-03-07T09:17:43Z">
      <class name="com.testcases.BookingsTickets$BookingTickets">
        <test-method status="PASS" signature="before()[pri:0, instance:com.testcases.BookingsTickets$BookingTickets@4566e5bd]" name="before" is-config="true" duration-ms="16" started-at="2020-03-07T14:47:29Z" finished-at="2020-03-07T14:47:30Z">
          <reporter-output>
          </reporter-output>
        </test-method> <!-- before -->
        <test-method status="PASS" signature="Test()[pri:0, instance:com.testcases.BookingsTickets$BookingTickets@4566e5bd]" name="Test" is-config="true" duration-ms="9918" started-at="2020-03-07T14:47:30Z" finished-at="2020-03-07T14:47:39Z">
          <reporter-output>
          </reporter-output>
        </test-method> <!-- Test -->
        <test-method status="PASS" signature="booking()[pri:0, instance:com.testcases.BookingsTickets$BookingTickets@4566e5bd]" name="booking" duration-ms="3583" started-at="2020-03-07T14:47:39Z" finished-at="2020-03-07T14:47:43Z">
          <reporter-output>
          </reporter-output>
        </test-method> <!-- booking -->
        <test-method status="PASS" signature="aftertest()[pri:0, instance:com.testcases.BookingsTickets$BookingTickets@4566e5bd]" name="aftertest" is-config="true" duration-ms="1" started-at="2020-03-07T14:47:43Z" finished-at="2020-03-07T14:47:43Z">
          <reporter-output>
          </reporter-output>
        </test-method> <!-- aftertest -->
      </class> <!-- com.testcases.BookingsTickets$BookingTickets -->
    </test> <!-- Default test -->
  </suite> <!-- Default suite -->
</testng-results>
